<?xml version="1.0" encoding="UTF-8"?>
<!-- Generated by org.testng.reporters.JUnitReportReporter -->
<testsuite skipped="0" hostname="balu-PC" name="testScripts.Module1_Qualifications" tests="2" failures="1" timestamp="08 Jan 2018 09:48:32 GMT" time="60.494" errors="1">
  <testcase name="AfterSuite" time="46.142" classname="testScripts.Module1_Qualifications">
    <error type="org.openqa.selenium.WebDriverException" message="Failed to connect to binary FirefoxBinary(C:\Program Files (x86)\Mozilla Firefox\firefox.exe) on port 7055; process output follows: 
869983	addons.xpi	DEBUG	Existing add-on e10srollout@mozilla.org in app-system-defaults
1515404869983	addons.xpi	DEBUG	Existing add-on firefox@getpocket.com in app-system-defaults
1515404869983	addons.xpi	DEBUG	Existing add-on followonsearch@mozilla.com in app-system-defaults
1515404869983	addons.xpi	DEBUG	Existing add-on formautofill@mozilla.org in app-system-defaults
1515404869984	addons.xpi	DEBUG	Existing add-on onboarding@mozilla.org in app-system-defaults
1515404869984	addons.xpi	DEBUG	Existing add-on screenshots@mozilla.org in app-system-defaults
1515404869984	addons.xpi	DEBUG	Existing add-on shield-recipe-client@mozilla.org in app-system-defaults
1515404869984	addons.xpi	DEBUG	Existing add-on webcompat@mozilla.org in app-system-defaults
1515404869984	addons.xpi	INFO	Mapping {972ce4c6-7e08-4474-a285-3208198ce6fd} to C:\Program Files (x86)\Mozilla Firefox\browser\extensions\{972ce4c6-7e08-4474-a285-3208198ce6fd}.xpi
1515404869984	addons.xpi	DEBUG	Existing add-on {972ce4c6-7e08-4474-a285-3208198ce6fd} in app-global
1515404869984	addons.xpi	DEBUG	getInstallState changed: false, state: {}
Unable to read VR Path Registry from C:\Users\balu\AppData\Local\openvr\openvrpaths.vrpath
JavaScript error: jar:file:///C:/Program%20Files%20(x86)/Mozilla%20Firefox/omni.ja!/components/nsSearchService.js, line 1737: NS_ERROR_NOT_AVAILABLE: Component returned failure code: 0x80040111 (NS_ERROR_NOT_AVAILABLE) [nsIChannel.contentType]
1515404874606	addons.xpi	DEBUG	Calling bootstrap method shutdown on webcompat@mozilla.org version 1.1
1515404874606	addons.xpi	DEBUG	Calling bootstrap method shutdown on shield-recipe-client@mozilla.org version 76.1
1515404874607	addons.xpi	DEBUG	Calling bootstrap method shutdown on screenshots@mozilla.org version 19.2.0
1515404874613	addons.xpi	DEBUG	Calling bootstrap method shutdown on onboarding@mozilla.org version 1.0
1515404874613	addons.xpi	DEBUG	Calling bootstrap method shutdown on formautofill@mozilla.org version 1.0
1515404874613	addons.xpi	DEBUG	Calling bootstrap method shutdown on followonsearch@mozilla.com version 0.9.6
1515404874613	addons.xpi	DEBUG	Calling bootstrap method shutdown on firefox@getpocket.com version 1.0.5
1515404874613	addons.xpi	DEBUG	Calling bootstrap method shutdown on e10srollout@mozilla.org version 3.05
1515404874614	addons.xpi	DEBUG	Calling bootstrap method shutdown on aushelper@mozilla.org version 2.0
1515404874614	addons.xpi	DEBUG	Calling bootstrap method shutdown on activity-stream@mozilla.org version 2017.11.07.1100-7f4e3634
JavaScript error: resource://shield-recipe-client/lib/RecipeRunner.jsm, line 242: TypeError: log is undefined
Unable to read VR Path Registry from C:\Users\balu\AppData\Local\openvr\openvrpaths.vrpath
[Child 10212, Chrome_ChildThread] WARNING: pipe error: 109: file z:/build/build/src/ipc/chromium/src/chrome/common/ipc_channel_win.cc, line 346
1515404874716	addons.manager	DEBUG	shutdown
1515404874716	addons.manager	DEBUG	Calling shutdown blocker for XPIProvider
1515404874716	addons.xpi	DEBUG	shutdown
1515404874716	addons.xpi-utils	DEBUG	shutdown
1515404874716	addons.manager	DEBUG	Calling shutdown blocker for LightweightThemeManager
1515404874716	addons.manager	DEBUG	Calling shutdown blocker for GMPProvider
1515404874716	addons.manager	DEBUG	Calling shutdown blocker for PluginProvider
1515404874717	addons.manager	DEBUG	Calling shutdown blocker for PreviousExperimentProvider
1515404874717	DeferredSave.webext.sc.lz4	DEBUG	Flush called while data is dirty
1515404874720	DeferredSave.webext.sc.lz4	DEBUG	Starting write
1515404874723	addons.manager	DEBUG	Async provider shutdown done
1515404874920	DeferredSave.webext.sc.lz4	DEBUG	Write succeeded
*** UTM:SVC TimerManager:registerTimer called after profile-before-change notification. Ignoring timer registration for id: telemetry_modules_ping
Unable to read VR Path Registry from C:\Users\balu\AppData\Local\openvr\openvrpaths.vrpath
[GPU 4068, Chrome_ChildThread] WARNING: pipe error: 109: file z:/build/build/src/ipc/chromium/src/chrome/common/ipc_channel_win.cc, line 346

Build info: version: &#039;2.53.0&#039;, revision: &#039;35ae25b1534ae328c771e0856c93e187490ca824&#039;, time: &#039;2016-03-15 10:43:46&#039;
System info: host: &#039;balu-PC&#039;, ip: &#039;192.168.100.3&#039;, os.name: &#039;Windows 7&#039;, os.arch: &#039;amd64&#039;, os.version: &#039;6.1&#039;, java.version: &#039;1.8.0_144&#039;
Driver info: driver.version: FirefoxDriver">
      <![CDATA[org.openqa.selenium.WebDriverException: Failed to connect to binary FirefoxBinary(C:\Program Files (x86)\Mozilla Firefox\firefox.exe) on port 7055; process output follows: 869983addons.xpiDEBUGExisting add-on e10srollout@mozilla.org in app-system-defaults1515404869983addons.xpiDEBUGExisting add-on firefox@getpocket.com in app-system-defaults1515404869983addons.xpiDEBUGExisting add-on followonsearch@mozilla.com in app-system-defaults1515404869983addons.xpiDEBUGExisting add-on formautofill@mozilla.org in app-system-defaults1515404869984addons.xpiDEBUGExisting add-on onboarding@mozilla.org in app-system-defaults1515404869984addons.xpiDEBUGExisting add-on screenshots@mozilla.org in app-system-defaults1515404869984addons.xpiDEBUGExisting add-on shield-recipe-client@mozilla.org in app-system-defaults1515404869984addons.xpiDEBUGExisting add-on webcompat@mozilla.org in app-system-defaults1515404869984addons.xpiINFOMapping {972ce4c6-7e08-4474-a285-3208198ce6fd} to C:\Program Files (x86)\Mozilla Firefox\browser\extensions\{972ce4c6-7e08-4474-a285-3208198ce6fd}.xpi1515404869984addons.xpiDEBUGExisting add-on {972ce4c6-7e08-4474-a285-3208198ce6fd} in app-global1515404869984addons.xpiDEBUGgetInstallState changed: false, state: {}Unable to read VR Path Registry from C:\Users\balu\AppData\Local\openvr\openvrpaths.vrpathJavaScript error: jar:file:///C:/Program%20Files%20(x86)/Mozilla%20Firefox/omni.ja!/components/nsSearchService.js, line 1737: NS_ERROR_NOT_AVAILABLE: Component returned failure code: 0x80040111 (NS_ERROR_NOT_AVAILABLE) [nsIChannel.contentType]1515404874606addons.xpiDEBUGCalling bootstrap method shutdown on webcompat@mozilla.org version 1.11515404874606addons.xpiDEBUGCalling bootstrap method shutdown on shield-recipe-client@mozilla.org version 76.11515404874607addons.xpiDEBUGCalling bootstrap method shutdown on screenshots@mozilla.org version 19.2.01515404874613addons.xpiDEBUGCalling bootstrap method shutdown on onboarding@mozilla.org version 1.01515404874613addons.xpiDEBUGCalling bootstrap method shutdown on formautofill@mozilla.org version 1.01515404874613addons.xpiDEBUGCalling bootstrap method shutdown on followonsearch@mozilla.com version 0.9.61515404874613addons.xpiDEBUGCalling bootstrap method shutdown on firefox@getpocket.com version 1.0.51515404874613addons.xpiDEBUGCalling bootstrap method shutdown on e10srollout@mozilla.org version 3.051515404874614addons.xpiDEBUGCalling bootstrap method shutdown on aushelper@mozilla.org version 2.01515404874614addons.xpiDEBUGCalling bootstrap method shutdown on activity-stream@mozilla.org version 2017.11.07.1100-7f4e3634JavaScript error: resource://shield-recipe-client/lib/RecipeRunner.jsm, line 242: TypeError: log is undefinedUnable to read VR Path Registry from C:\Users\balu\AppData\Local\openvr\openvrpaths.vrpath[Child 10212, Chrome_ChildThread] WARNING: pipe error: 109: file z:/build/build/src/ipc/chromium/src/chrome/common/ipc_channel_win.cc, line 3461515404874716addons.managerDEBUGshutdown1515404874716addons.managerDEBUGCalling shutdown blocker for XPIProvider1515404874716addons.xpiDEBUGshutdown1515404874716addons.xpi-utilsDEBUGshutdown1515404874716addons.managerDEBUGCalling shutdown blocker for LightweightThemeManager1515404874716addons.managerDEBUGCalling shutdown blocker for GMPProvider1515404874716addons.managerDEBUGCalling shutdown blocker for PluginProvider1515404874717addons.managerDEBUGCalling shutdown blocker for PreviousExperimentProvider1515404874717DeferredSave.webext.sc.lz4DEBUGFlush called while data is dirty1515404874720DeferredSave.webext.sc.lz4DEBUGStarting write1515404874723addons.managerDEBUGAsync provider shutdown done1515404874920DeferredSave.webext.sc.lz4DEBUGWrite succeeded*** UTM:SVC TimerManager:registerTimer called after profile-before-change notification. Ignoring timer registration for id: telemetry_modules_pingUnable to read VR Path Registry from C:\Users\balu\AppData\Local\openvr\openvrpaths.vrpath[GPU 4068, Chrome_ChildThread] WARNING: pipe error: 109: file z:/build/build/src/ipc/chromium/src/chrome/common/ipc_channel_win.cc, line 346Build info: version: '2.53.0', revision: '35ae25b1534ae328c771e0856c93e187490ca824', time: '2016-03-15 10:43:46'System info: host: 'balu-PC', ip: '192.168.100.3', os.name: 'Windows 7', os.arch: 'amd64', os.version: '6.1', java.version: '1.8.0_144'Driver info: driver.version: FirefoxDriverat org.openqa.selenium.firefox.internal.NewProfileExtensionConnection.start(NewProfileExtensionConnection.java:125)at org.openqa.selenium.firefox.FirefoxDriver.startClient(FirefoxDriver.java:271)at org.openqa.selenium.remote.RemoteWebDriver.<init>(RemoteWebDriver.java:119)at org.openqa.selenium.firefox.FirefoxDriver.<init>(FirefoxDriver.java:216)at org.openqa.selenium.firefox.FirefoxDriver.<init>(FirefoxDriver.java:211)at org.openqa.selenium.firefox.FirefoxDriver.<init>(FirefoxDriver.java:207)at org.openqa.selenium.firefox.FirefoxDriver.<init>(FirefoxDriver.java:120)at frameworkLibrary.BaseClass.AfterSuite(BaseClass.java:96)at sun.reflect.NativeMethodAccessorImpl.invoke0(Native Method)at sun.reflect.NativeMethodAccessorImpl.invoke(Unknown Source)at sun.reflect.DelegatingMethodAccessorImpl.invoke(Unknown Source)at java.lang.reflect.Method.invoke(Unknown Source)at org.testng.internal.MethodInvocationHelper.invokeMethod(MethodInvocationHelper.java:124)at org.testng.internal.MethodInvocationHelper.invokeMethodConsideringTimeout(MethodInvocationHelper.java:59)at org.testng.internal.Invoker.invokeConfigurationMethod(Invoker.java:451)at org.testng.internal.Invoker.invokeConfigurations(Invoker.java:222)at org.testng.internal.Invoker.invokeConfigurations(Invoker.java:142)at org.testng.SuiteRunner.privateRun(SuiteRunner.java:425)at org.testng.SuiteRunner.run(SuiteRunner.java:364)at org.testng.SuiteRunnerWorker.runSuite(SuiteRunnerWorker.java:52)at org.testng.SuiteRunnerWorker.run(SuiteRunnerWorker.java:84)at org.testng.TestNG.runSuitesSequentially(TestNG.java:1187)at org.testng.TestNG.runSuitesLocally(TestNG.java:1116)at org.testng.TestNG.runSuites(TestNG.java:1028)at org.testng.TestNG.run(TestNG.java:996)at org.testng.remote.AbstractRemoteTestNG.run(AbstractRemoteTestNG.java:132)at org.testng.remote.RemoteTestNG.initAndRun(RemoteTestNG.java:230)at org.testng.remote.RemoteTestNG.main(RemoteTestNG.java:76)Caused by: org.openqa.selenium.firefox.NotConnectedException: Unable to connect to host 127.0.0.1 on port 7055 after 45000 ms. Firefox console output:869983addons.xpiDEBUGExisting add-on e10srollout@mozilla.org in app-system-defaults1515404869983addons.xpiDEBUGExisting add-on firefox@getpocket.com in app-system-defaults1515404869983addons.xpiDEBUGExisting add-on followonsearch@mozilla.com in app-system-defaults1515404869983addons.xpiDEBUGExisting add-on formautofill@mozilla.org in app-system-defaults1515404869984addons.xpiDEBUGExisting add-on onboarding@mozilla.org in app-system-defaults1515404869984addons.xpiDEBUGExisting add-on screenshots@mozilla.org in app-system-defaults1515404869984addons.xpiDEBUGExisting add-on shield-recipe-client@mozilla.org in app-system-defaults1515404869984addons.xpiDEBUGExisting add-on webcompat@mozilla.org in app-system-defaults1515404869984addons.xpiINFOMapping {972ce4c6-7e08-4474-a285-3208198ce6fd} to C:\Program Files (x86)\Mozilla Firefox\browser\extensions\{972ce4c6-7e08-4474-a285-3208198ce6fd}.xpi1515404869984addons.xpiDEBUGExisting add-on {972ce4c6-7e08-4474-a285-3208198ce6fd} in app-global1515404869984addons.xpiDEBUGgetInstallState changed: false, state: {}Unable to read VR Path Registry from C:\Users\balu\AppData\Local\openvr\openvrpaths.vrpathJavaScript error: jar:file:///C:/Program%20Files%20(x86)/Mozilla%20Firefox/omni.ja!/components/nsSearchService.js, line 1737: NS_ERROR_NOT_AVAILABLE: Component returned failure code: 0x80040111 (NS_ERROR_NOT_AVAILABLE) [nsIChannel.contentType]1515404874606addons.xpiDEBUGCalling bootstrap method shutdown on webcompat@mozilla.org version 1.11515404874606addons.xpiDEBUGCalling bootstrap method shutdown on shield-recipe-client@mozilla.org version 76.11515404874607addons.xpiDEBUGCalling bootstrap method shutdown on screenshots@mozilla.org version 19.2.01515404874613addons.xpiDEBUGCalling bootstrap method shutdown on onboarding@mozilla.org version 1.01515404874613addons.xpiDEBUGCalling bootstrap method shutdown on formautofill@mozilla.org version 1.01515404874613addons.xpiDEBUGCalling bootstrap method shutdown on followonsearch@mozilla.com version 0.9.61515404874613addons.xpiDEBUGCalling bootstrap method shutdown on firefox@getpocket.com version 1.0.51515404874613addons.xpiDEBUGCalling bootstrap method shutdown on e10srollout@mozilla.org version 3.051515404874614addons.xpiDEBUGCalling bootstrap method shutdown on aushelper@mozilla.org version 2.01515404874614addons.xpiDEBUGCalling bootstrap method shutdown on activity-stream@mozilla.org version 2017.11.07.1100-7f4e3634JavaScript error: resource://shield-recipe-client/lib/RecipeRunner.jsm, line 242: TypeError: log is undefinedUnable to read VR Path Registry from C:\Users\balu\AppData\Local\openvr\openvrpaths.vrpath[Child 10212, Chrome_ChildThread] WARNING: pipe error: 109: file z:/build/build/src/ipc/chromium/src/chrome/common/ipc_channel_win.cc, line 3461515404874716addons.managerDEBUGshutdown1515404874716addons.managerDEBUGCalling shutdown blocker for XPIProvider1515404874716addons.xpiDEBUGshutdown1515404874716addons.xpi-utilsDEBUGshutdown1515404874716addons.managerDEBUGCalling shutdown blocker for LightweightThemeManager1515404874716addons.managerDEBUGCalling shutdown blocker for GMPProvider1515404874716addons.managerDEBUGCalling shutdown blocker for PluginProvider1515404874717addons.managerDEBUGCalling shutdown blocker for PreviousExperimentProvider1515404874717DeferredSave.webext.sc.lz4DEBUGFlush called while data is dirty1515404874720DeferredSave.webext.sc.lz4DEBUGStarting write1515404874723addons.managerDEBUGAsync provider shutdown done1515404874920DeferredSave.webext.sc.lz4DEBUGWrite succeeded*** UTM:SVC TimerManager:registerTimer called after profile-before-change notification. Ignoring timer registration for id: telemetry_modules_pingUnable to read VR Path Registry from C:\Users\balu\AppData\Local\openvr\openvrpaths.vrpath[GPU 4068, Chrome_ChildThread] WARNING: pipe error: 109: file z:/build/build/src/ipc/chromium/src/chrome/common/ipc_channel_win.cc, line 346at org.openqa.selenium.firefox.internal.NewProfileExtensionConnection.start(NewProfileExtensionConnection.java:113)... 27 more]]>
    </error>
  </testcase> <!-- AfterSuite -->
  <testcase name="TC101_AddQualificationDetails_WorkExperience" time="14.352" classname="testScripts.Module1_Qualifications">
    <failure type="java.lang.AssertionError" message="expected [true] but found [false]">
      <![CDATA[java.lang.AssertionError: expected [true] but found [false]at org.testng.Assert.fail(Assert.java:96)at org.testng.Assert.failNotEquals(Assert.java:776)at org.testng.Assert.assertEqualsImpl(Assert.java:137)at org.testng.Assert.assertEquals(Assert.java:118)at org.testng.Assert.assertEquals(Assert.java:568)at org.testng.Assert.assertEquals(Assert.java:578)at frameworkLibrary.UtilityLibrary.logEvent(UtilityLibrary.java:158)at testScripts.ApplicationLibrary.addWorkExperienceDetailsAndVerify(ApplicationLibrary.java:57)at testScripts.Module1_Qualifications.TC101_AddQualificationDetails_WorkExperience(Module1_Qualifications.java:14)at sun.reflect.NativeMethodAccessorImpl.invoke0(Native Method)at sun.reflect.NativeMethodAccessorImpl.invoke(Unknown Source)at sun.reflect.DelegatingMethodAccessorImpl.invoke(Unknown Source)at java.lang.reflect.Method.invoke(Unknown Source)at org.testng.internal.MethodInvocationHelper.invokeMethod(MethodInvocationHelper.java:124)at org.testng.internal.Invoker.invokeMethod(Invoker.java:571)at org.testng.internal.Invoker.invokeTestMethod(Invoker.java:707)at org.testng.internal.Invoker.invokeTestMethods(Invoker.java:979)at org.testng.internal.TestMethodWorker.invokeTestMethods(TestMethodWorker.java:125)at org.testng.internal.TestMethodWorker.run(TestMethodWorker.java:109)at org.testng.TestRunner.privateRun(TestRunner.java:648)at org.testng.TestRunner.run(TestRunner.java:505)at org.testng.SuiteRunner.runTest(SuiteRunner.java:455)at org.testng.SuiteRunner.runSequentially(SuiteRunner.java:450)at org.testng.SuiteRunner.privateRun(SuiteRunner.java:415)at org.testng.SuiteRunner.run(SuiteRunner.java:364)at org.testng.SuiteRunnerWorker.runSuite(SuiteRunnerWorker.java:52)at org.testng.SuiteRunnerWorker.run(SuiteRunnerWorker.java:84)at org.testng.TestNG.runSuitesSequentially(TestNG.java:1187)at org.testng.TestNG.runSuitesLocally(TestNG.java:1116)at org.testng.TestNG.runSuites(TestNG.java:1028)at org.testng.TestNG.run(TestNG.java:996)at org.testng.remote.AbstractRemoteTestNG.run(AbstractRemoteTestNG.java:132)at org.testng.remote.RemoteTestNG.initAndRun(RemoteTestNG.java:230)at org.testng.remote.RemoteTestNG.main(RemoteTestNG.java:76)]]>
    </failure>
  </testcase> <!-- TC101_AddQualificationDetails_WorkExperience -->
</testsuite> <!-- testScripts.Module1_Qualifications -->
