<?xml version="1.0" encoding="UTF-8"?>
<!-- Generated by org.testng.reporters.JUnitReportReporter -->
<testsuite skipped="0" hostname="DESKTOP-PTPPKGU" name="testScripts.Module3_Dependents" tests="1" failures="0" timestamp="07 Jan 2018 09:44:57 GMT" time="0.003" errors="0">
  <testcase name="TC301_Dependents_AddRecord" time="0.003" classname="testScripts.Module3_Dependents"/>
</testsuite> <!-- testScripts.Module3_Dependents -->
