<?xml version="1.0" encoding="UTF-8"?>
<!-- Generated by org.testng.reporters.JUnitReportReporter -->
<testsuite skipped="0" hostname="DESKTOP-PTPPKGU" name="testScripts.Module2_EmergencyContacts" tests="1" failures="0" timestamp="07 Jan 2018 09:44:57 GMT" time="0.002" errors="0">
  <testcase name="TC201_EmergencyContacts_AddRecord" time="0.002" classname="testScripts.Module2_EmergencyContacts"/>
</testsuite> <!-- testScripts.Module2_EmergencyContacts -->
