<?xml version="1.0" encoding="UTF-8"?>
<!-- Generated by org.testng.reporters.JUnitReportReporter -->
<testsuite skipped="0" hostname="DESKTOP-PTPPKGU" name="testScripts.Module4_Immigration" tests="1" failures="0" timestamp="07 Jan 2018 09:44:57 GMT" time="0.005" errors="0">
  <testcase name="TC401_Immigration_AddRecord" time="0.005" classname="testScripts.Module4_Immigration"/>
</testsuite> <!-- testScripts.Module4_Immigration -->
